2019-05-24 08:29:46 [main] [INFO] [org.springframework.test.context.support.AbstractTestContextBootstrapper:308] - Neither @ContextConfiguration nor @ContextHierarchy found for test class [com.fotic.it.support.word2pdf.service.TestServiceTest], using SpringBootContextLoader 
2019-05-24 08:29:46 [main] [INFO] [org.springframework.test.context.support.AbstractContextLoader:264] - Could not detect default resource locations for test class [com.fotic.it.support.word2pdf.service.TestServiceTest]: no resource found for suffixes {-context.xml, Context.groovy}. 
2019-05-24 08:29:46 [main] [INFO] [org.springframework.test.context.support.AnnotationConfigContextLoaderUtils:83] - Could not detect default configuration classes for test class [com.fotic.it.support.word2pdf.service.TestServiceTest]: TestServiceTest does not declare any static, non-private, non-final, nested classes annotated with @Configuration. 
2019-05-24 08:29:46 [main] [INFO] [org.springframework.boot.test.context.SpringBootTestContextBootstrapper:247] - Found @SpringBootConfiguration com.fotic.Application for test class com.fotic.it.support.word2pdf.service.TestServiceTest 
2019-05-24 08:29:46 [main] [INFO] [org.springframework.test.context.support.AbstractTestContextBootstrapper:248] - Loaded default TestExecutionListener class names from location [META-INF/spring.factories]: [org.springframework.boot.test.mock.mockito.MockitoTestExecutionListener, org.springframework.boot.test.mock.mockito.ResetMocksTestExecutionListener, org.springframework.boot.test.autoconfigure.restdocs.RestDocsTestExecutionListener, org.springframework.boot.test.autoconfigure.web.client.MockRestServiceServerResetTestExecutionListener, org.springframework.boot.test.autoconfigure.web.servlet.MockMvcPrintOnlyOnFailureTestExecutionListener, org.springframework.boot.test.autoconfigure.web.servlet.WebDriverTestExecutionListener, org.springframework.test.context.web.ServletTestExecutionListener, org.springframework.test.context.support.DirtiesContextBeforeModesTestExecutionListener, org.springframework.test.context.support.DependencyInjectionTestExecutionListener, org.springframework.test.context.support.DirtiesContextTestExecutionListener, org.springframework.test.context.transaction.TransactionalTestExecutionListener, org.springframework.test.context.jdbc.SqlScriptsTestExecutionListener] 
2019-05-24 08:29:47 [main] [INFO] [org.springframework.test.context.support.AbstractTestContextBootstrapper:177] - Using TestExecutionListeners: [org.springframework.test.context.web.ServletTestExecutionListener@53ce1329, org.springframework.test.context.support.DirtiesContextBeforeModesTestExecutionListener@316bcf94, org.springframework.boot.test.mock.mockito.MockitoTestExecutionListener@6404f418, org.springframework.boot.test.autoconfigure.SpringBootDependencyInjectionTestExecutionListener@3e11f9e9, org.springframework.test.context.support.DirtiesContextTestExecutionListener@1de5f259, org.springframework.test.context.transaction.TransactionalTestExecutionListener@729d991e, org.springframework.test.context.jdbc.SqlScriptsTestExecutionListener@31fa1761, org.springframework.boot.test.mock.mockito.ResetMocksTestExecutionListener@957e06, org.springframework.boot.test.autoconfigure.restdocs.RestDocsTestExecutionListener@32502377, org.springframework.boot.test.autoconfigure.web.client.MockRestServiceServerResetTestExecutionListener@2c1b194a, org.springframework.boot.test.autoconfigure.web.servlet.MockMvcPrintOnlyOnFailureTestExecutionListener@4dbb42b7, org.springframework.boot.test.autoconfigure.web.servlet.WebDriverTestExecutionListener@66f57048] 
2019-05-24 08:29:47 [main] [INFO] [org.springframework.boot.StartupInfoLogger:50] - Starting TestServiceTest on USER-20170918NT with PID 11764 (started by Administrator in D:\idea-work\git\word2pdf\core) 
2019-05-24 08:29:47 [main] [DEBUG] [org.springframework.boot.StartupInfoLogger:53] - Running with Spring Boot v2.1.0.RELEASE, Spring v5.1.2.RELEASE 
2019-05-24 08:29:47 [main] [INFO] [org.springframework.boot.SpringApplication:675] - No active profile set, falling back to default profiles: default 
2019-05-24 08:29:50 [main] [INFO] [org.springframework.context.support.PostProcessorRegistrationDelegate$BeanPostProcessorChecker:330] - Bean 'org.springframework.transaction.annotation.ProxyTransactionManagementConfiguration' of type [org.springframework.transaction.annotation.ProxyTransactionManagementConfiguration$$EnhancerBySpringCGLIB$$4b56d3ee] is not eligible for getting processed by all BeanPostProcessors (for example: not eligible for auto-proxying) 
2019-05-24 08:29:50 [main] [INFO] [com.alibaba.druid.spring.boot.autoconfigure.DruidDataSourceAutoConfigure:56] - Init DruidDataSource 
2019-05-24 08:29:52 [main] [INFO] [com.alibaba.druid.pool.DruidDataSource:930] - {dataSource-1} inited 
2019-05-24 08:29:54 [main] [INFO] [springfox.documentation.spring.web.PropertySourcedRequestMappingHandlerMapping:69] - Mapped URL path [/v2/api-docs] onto method [public org.springframework.http.ResponseEntity<springfox.documentation.spring.web.json.Json> springfox.documentation.swagger2.web.Swagger2Controller.getDocumentation(java.lang.String,javax.servlet.http.HttpServletRequest)] 
2019-05-24 08:29:54 [main] [INFO] [org.apache.cxf.wsdl.service.factory.ReflectionServiceFactoryBean:437] - Creating Service {http://xfire.webservice.com/WordForPDFWebService}WordForPDFWebService from class com.fotic.it.support.word2pdf.api.webservice.WordForPDFWebService 
2019-05-24 08:29:55 [main] [INFO] [org.apache.cxf.endpoint.ServerImpl:94] - Setting the server's publish address to be /WordForPDFWebService 
2019-05-24 08:29:56 [main] [INFO] [org.springframework.scheduling.concurrent.ExecutorConfigurationSupport:171] - Initializing ExecutorService 'applicationTaskExecutor' 
2019-05-24 08:29:57 [main] [INFO] [springfox.documentation.spring.web.plugins.DocumentationPluginsBootstrapper:160] - Context refreshed 
2019-05-24 08:29:58 [main] [INFO] [springfox.documentation.spring.web.plugins.DocumentationPluginsBootstrapper:163] - Found 1 custom documentation plugin(s) 
2019-05-24 08:29:58 [main] [INFO] [springfox.documentation.spring.web.scanners.ApiListingReferenceScanner:41] - Scanning for api listing references 
2019-05-24 08:29:58 [main] [INFO] [org.springframework.boot.StartupInfoLogger:59] - Started TestServiceTest in 11.049 seconds (JVM running for 12.68) 
2019-05-24 08:29:58 [main] [DEBUG] [org.apache.ibatis.logging.jdbc.BaseJdbcLogger:159] - ==>  Preparing: SELECT count(*) from test  
2019-05-24 08:29:58 [main] [DEBUG] [org.apache.ibatis.logging.jdbc.BaseJdbcLogger:159] - ==> Parameters:  
2019-05-24 08:29:58 [main] [DEBUG] [org.apache.ibatis.logging.jdbc.BaseJdbcLogger:159] - <==      Total: 1 
2019-05-24 08:29:58 [Thread-2] [INFO] [org.springframework.scheduling.concurrent.ExecutorConfigurationSupport:208] - Shutting down ExecutorService 'applicationTaskExecutor' 
2019-05-24 08:29:58 [Thread-2] [INFO] [com.alibaba.druid.pool.DruidDataSource:1825] - {dataSource-1} closed 
2019-05-24 09:14:40 [main] [INFO] [org.springframework.test.context.support.AbstractTestContextBootstrapper:308] - Neither @ContextConfiguration nor @ContextHierarchy found for test class [com.fotic.it.support.word2pdf.service.TestServiceTest], using SpringBootContextLoader 
2019-05-24 09:14:40 [main] [INFO] [org.springframework.test.context.support.AbstractContextLoader:264] - Could not detect default resource locations for test class [com.fotic.it.support.word2pdf.service.TestServiceTest]: no resource found for suffixes {-context.xml, Context.groovy}. 
2019-05-24 09:14:40 [main] [INFO] [org.springframework.test.context.support.AnnotationConfigContextLoaderUtils:83] - Could not detect default configuration classes for test class [com.fotic.it.support.word2pdf.service.TestServiceTest]: TestServiceTest does not declare any static, non-private, non-final, nested classes annotated with @Configuration. 
2019-05-24 09:14:40 [main] [INFO] [org.springframework.boot.test.context.SpringBootTestContextBootstrapper:247] - Found @SpringBootConfiguration com.fotic.Application for test class com.fotic.it.support.word2pdf.service.TestServiceTest 
2019-05-24 09:14:40 [main] [INFO] [org.springframework.test.context.support.AbstractTestContextBootstrapper:248] - Loaded default TestExecutionListener class names from location [META-INF/spring.factories]: [org.springframework.boot.test.mock.mockito.MockitoTestExecutionListener, org.springframework.boot.test.mock.mockito.ResetMocksTestExecutionListener, org.springframework.boot.test.autoconfigure.restdocs.RestDocsTestExecutionListener, org.springframework.boot.test.autoconfigure.web.client.MockRestServiceServerResetTestExecutionListener, org.springframework.boot.test.autoconfigure.web.servlet.MockMvcPrintOnlyOnFailureTestExecutionListener, org.springframework.boot.test.autoconfigure.web.servlet.WebDriverTestExecutionListener, org.springframework.test.context.web.ServletTestExecutionListener, org.springframework.test.context.support.DirtiesContextBeforeModesTestExecutionListener, org.springframework.test.context.support.DependencyInjectionTestExecutionListener, org.springframework.test.context.support.DirtiesContextTestExecutionListener, org.springframework.test.context.transaction.TransactionalTestExecutionListener, org.springframework.test.context.jdbc.SqlScriptsTestExecutionListener] 
2019-05-24 09:14:40 [main] [INFO] [org.springframework.test.context.support.AbstractTestContextBootstrapper:177] - Using TestExecutionListeners: [org.springframework.test.context.web.ServletTestExecutionListener@3c7f66c4, org.springframework.test.context.support.DirtiesContextBeforeModesTestExecutionListener@194bcebf, org.springframework.boot.test.mock.mockito.MockitoTestExecutionListener@17497425, org.springframework.boot.test.autoconfigure.SpringBootDependencyInjectionTestExecutionListener@f0da945, org.springframework.test.context.support.DirtiesContextTestExecutionListener@4803b726, org.springframework.test.context.transaction.TransactionalTestExecutionListener@ffaa6af, org.springframework.test.context.jdbc.SqlScriptsTestExecutionListener@53ce1329, org.springframework.boot.test.mock.mockito.ResetMocksTestExecutionListener@316bcf94, org.springframework.boot.test.autoconfigure.restdocs.RestDocsTestExecutionListener@6404f418, org.springframework.boot.test.autoconfigure.web.client.MockRestServiceServerResetTestExecutionListener@3e11f9e9, org.springframework.boot.test.autoconfigure.web.servlet.MockMvcPrintOnlyOnFailureTestExecutionListener@1de5f259, org.springframework.boot.test.autoconfigure.web.servlet.WebDriverTestExecutionListener@729d991e] 
2019-05-24 09:14:41 [main] [INFO] [org.springframework.boot.StartupInfoLogger:50] - Starting TestServiceTest on USER-20170918NT with PID 16896 (started by Administrator in D:\idea-work\git\word2pdf\core) 
2019-05-24 09:14:41 [main] [DEBUG] [org.springframework.boot.StartupInfoLogger:53] - Running with Spring Boot v2.1.0.RELEASE, Spring v5.1.2.RELEASE 
2019-05-24 09:14:41 [main] [INFO] [org.springframework.boot.SpringApplication:675] - No active profile set, falling back to default profiles: default 
2019-05-24 09:14:44 [main] [INFO] [org.springframework.context.support.PostProcessorRegistrationDelegate$BeanPostProcessorChecker:330] - Bean 'org.springframework.transaction.annotation.ProxyTransactionManagementConfiguration' of type [org.springframework.transaction.annotation.ProxyTransactionManagementConfiguration$$EnhancerBySpringCGLIB$$a76d5894] is not eligible for getting processed by all BeanPostProcessors (for example: not eligible for auto-proxying) 
2019-05-24 09:14:44 [main] [INFO] [com.alibaba.druid.spring.boot.autoconfigure.DruidDataSourceAutoConfigure:56] - Init DruidDataSource 
2019-05-24 09:14:46 [main] [INFO] [com.alibaba.druid.pool.DruidDataSource:930] - {dataSource-1} inited 
2019-05-24 09:14:48 [main] [INFO] [springfox.documentation.spring.web.PropertySourcedRequestMappingHandlerMapping:69] - Mapped URL path [/v2/api-docs] onto method [public org.springframework.http.ResponseEntity<springfox.documentation.spring.web.json.Json> springfox.documentation.swagger2.web.Swagger2Controller.getDocumentation(java.lang.String,javax.servlet.http.HttpServletRequest)] 
2019-05-24 09:14:48 [main] [INFO] [org.apache.cxf.wsdl.service.factory.ReflectionServiceFactoryBean:437] - Creating Service {http://xfire.webservice.com/WordForPDFWebService}WordForPDFWebService from class com.fotic.it.support.word2pdf.api.webservice.WordForPDFWebService 
2019-05-24 09:14:49 [main] [INFO] [org.apache.cxf.endpoint.ServerImpl:94] - Setting the server's publish address to be /WordForPDFWebService 
2019-05-24 09:14:50 [main] [INFO] [org.springframework.scheduling.concurrent.ExecutorConfigurationSupport:171] - Initializing ExecutorService 'applicationTaskExecutor' 
2019-05-24 09:14:51 [main] [INFO] [springfox.documentation.spring.web.plugins.DocumentationPluginsBootstrapper:160] - Context refreshed 
2019-05-24 09:14:51 [main] [INFO] [springfox.documentation.spring.web.plugins.DocumentationPluginsBootstrapper:163] - Found 1 custom documentation plugin(s) 
2019-05-24 09:14:51 [main] [INFO] [springfox.documentation.spring.web.scanners.ApiListingReferenceScanner:41] - Scanning for api listing references 
2019-05-24 09:14:51 [main] [INFO] [org.springframework.boot.StartupInfoLogger:59] - Started TestServiceTest in 10.517 seconds (JVM running for 12.106) 
2019-05-24 09:14:51 [main] [DEBUG] [org.apache.ibatis.logging.jdbc.BaseJdbcLogger:159] - ==>  Preparing: SELECT count(*) from test  
2019-05-24 09:14:51 [main] [DEBUG] [org.apache.ibatis.logging.jdbc.BaseJdbcLogger:159] - ==> Parameters:  
2019-05-24 09:14:51 [main] [DEBUG] [org.apache.ibatis.logging.jdbc.BaseJdbcLogger:159] - <==      Total: 1 
2019-05-24 09:14:52 [Thread-2] [INFO] [org.springframework.scheduling.concurrent.ExecutorConfigurationSupport:208] - Shutting down ExecutorService 'applicationTaskExecutor' 
2019-05-24 09:14:52 [Thread-2] [INFO] [com.alibaba.druid.pool.DruidDataSource:1825] - {dataSource-1} closed 
2019-05-24 09:44:03 [main] [INFO] [org.springframework.test.context.support.AbstractTestContextBootstrapper:308] - Neither @ContextConfiguration nor @ContextHierarchy found for test class [com.fotic.it.support.word2pdf.service.TestServiceTest], using SpringBootContextLoader 
2019-05-24 09:44:03 [main] [INFO] [org.springframework.test.context.support.AbstractContextLoader:264] - Could not detect default resource locations for test class [com.fotic.it.support.word2pdf.service.TestServiceTest]: no resource found for suffixes {-context.xml, Context.groovy}. 
2019-05-24 09:44:03 [main] [INFO] [org.springframework.test.context.support.AnnotationConfigContextLoaderUtils:83] - Could not detect default configuration classes for test class [com.fotic.it.support.word2pdf.service.TestServiceTest]: TestServiceTest does not declare any static, non-private, non-final, nested classes annotated with @Configuration. 
2019-05-24 09:44:04 [main] [INFO] [org.springframework.boot.test.context.SpringBootTestContextBootstrapper:247] - Found @SpringBootConfiguration com.fotic.Application for test class com.fotic.it.support.word2pdf.service.TestServiceTest 
2019-05-24 09:44:04 [main] [INFO] [org.springframework.test.context.support.AbstractTestContextBootstrapper:248] - Loaded default TestExecutionListener class names from location [META-INF/spring.factories]: [org.springframework.boot.test.mock.mockito.MockitoTestExecutionListener, org.springframework.boot.test.mock.mockito.ResetMocksTestExecutionListener, org.springframework.boot.test.autoconfigure.restdocs.RestDocsTestExecutionListener, org.springframework.boot.test.autoconfigure.web.client.MockRestServiceServerResetTestExecutionListener, org.springframework.boot.test.autoconfigure.web.servlet.MockMvcPrintOnlyOnFailureTestExecutionListener, org.springframework.boot.test.autoconfigure.web.servlet.WebDriverTestExecutionListener, org.springframework.test.context.web.ServletTestExecutionListener, org.springframework.test.context.support.DirtiesContextBeforeModesTestExecutionListener, org.springframework.test.context.support.DependencyInjectionTestExecutionListener, org.springframework.test.context.support.DirtiesContextTestExecutionListener, org.springframework.test.context.transaction.TransactionalTestExecutionListener, org.springframework.test.context.jdbc.SqlScriptsTestExecutionListener] 
2019-05-24 09:44:04 [main] [INFO] [org.springframework.test.context.support.AbstractTestContextBootstrapper:177] - Using TestExecutionListeners: [org.springframework.test.context.web.ServletTestExecutionListener@3c7f66c4, org.springframework.test.context.support.DirtiesContextBeforeModesTestExecutionListener@194bcebf, org.springframework.boot.test.mock.mockito.MockitoTestExecutionListener@17497425, org.springframework.boot.test.autoconfigure.SpringBootDependencyInjectionTestExecutionListener@f0da945, org.springframework.test.context.support.DirtiesContextTestExecutionListener@4803b726, org.springframework.test.context.transaction.TransactionalTestExecutionListener@ffaa6af, org.springframework.test.context.jdbc.SqlScriptsTestExecutionListener@53ce1329, org.springframework.boot.test.mock.mockito.ResetMocksTestExecutionListener@316bcf94, org.springframework.boot.test.autoconfigure.restdocs.RestDocsTestExecutionListener@6404f418, org.springframework.boot.test.autoconfigure.web.client.MockRestServiceServerResetTestExecutionListener@3e11f9e9, org.springframework.boot.test.autoconfigure.web.servlet.MockMvcPrintOnlyOnFailureTestExecutionListener@1de5f259, org.springframework.boot.test.autoconfigure.web.servlet.WebDriverTestExecutionListener@729d991e] 
2019-05-24 09:44:05 [main] [INFO] [org.springframework.boot.StartupInfoLogger:50] - Starting TestServiceTest on USER-20170918NT with PID 16652 (started by Administrator in D:\idea-work\git\word2pdf\core) 
2019-05-24 09:44:05 [main] [DEBUG] [org.springframework.boot.StartupInfoLogger:53] - Running with Spring Boot v2.1.0.RELEASE, Spring v5.1.2.RELEASE 
2019-05-24 09:44:05 [main] [INFO] [org.springframework.boot.SpringApplication:675] - No active profile set, falling back to default profiles: default 
2019-05-24 09:44:08 [main] [INFO] [org.springframework.context.support.PostProcessorRegistrationDelegate$BeanPostProcessorChecker:330] - Bean 'org.springframework.transaction.annotation.ProxyTransactionManagementConfiguration' of type [org.springframework.transaction.annotation.ProxyTransactionManagementConfiguration$$EnhancerBySpringCGLIB$$c2311cd7] is not eligible for getting processed by all BeanPostProcessors (for example: not eligible for auto-proxying) 
2019-05-24 09:44:08 [main] [INFO] [com.alibaba.druid.spring.boot.autoconfigure.DruidDataSourceAutoConfigure:56] - Init DruidDataSource 
2019-05-24 09:44:10 [main] [INFO] [com.alibaba.druid.pool.DruidDataSource:930] - {dataSource-1} inited 
2019-05-24 09:44:11 [main] [INFO] [springfox.documentation.spring.web.PropertySourcedRequestMappingHandlerMapping:69] - Mapped URL path [/v2/api-docs] onto method [public org.springframework.http.ResponseEntity<springfox.documentation.spring.web.json.Json> springfox.documentation.swagger2.web.Swagger2Controller.getDocumentation(java.lang.String,javax.servlet.http.HttpServletRequest)] 
2019-05-24 09:44:12 [main] [INFO] [org.apache.cxf.wsdl.service.factory.ReflectionServiceFactoryBean:437] - Creating Service {http://xfire.webservice.com/WordForPDFWebService}WordForPDFWebService from class com.fotic.it.support.word2pdf.api.webservice.WordForPDFWebService 
2019-05-24 09:44:12 [main] [INFO] [org.apache.cxf.endpoint.ServerImpl:94] - Setting the server's publish address to be /WordForPDFWebService 
2019-05-24 09:44:13 [main] [INFO] [org.springframework.scheduling.concurrent.ExecutorConfigurationSupport:171] - Initializing ExecutorService 'applicationTaskExecutor' 
2019-05-24 09:44:15 [main] [INFO] [springfox.documentation.spring.web.plugins.DocumentationPluginsBootstrapper:160] - Context refreshed 
2019-05-24 09:44:15 [main] [INFO] [springfox.documentation.spring.web.plugins.DocumentationPluginsBootstrapper:163] - Found 1 custom documentation plugin(s) 
2019-05-24 09:44:15 [main] [INFO] [springfox.documentation.spring.web.scanners.ApiListingReferenceScanner:41] - Scanning for api listing references 
2019-05-24 09:44:15 [main] [INFO] [org.springframework.boot.StartupInfoLogger:59] - Started TestServiceTest in 11.099 seconds (JVM running for 12.722) 
2019-05-24 09:44:15 [main] [DEBUG] [org.apache.ibatis.logging.jdbc.BaseJdbcLogger:159] - ==>  Preparing: SELECT count(*) from test  
2019-05-24 09:44:16 [main] [DEBUG] [org.apache.ibatis.logging.jdbc.BaseJdbcLogger:159] - ==> Parameters:  
2019-05-24 09:44:16 [main] [DEBUG] [org.apache.ibatis.logging.jdbc.BaseJdbcLogger:159] - <==      Total: 1 
2019-05-24 09:44:16 [Thread-2] [INFO] [org.springframework.scheduling.concurrent.ExecutorConfigurationSupport:208] - Shutting down ExecutorService 'applicationTaskExecutor' 
2019-05-24 09:44:16 [Thread-2] [INFO] [com.alibaba.druid.pool.DruidDataSource:1825] - {dataSource-1} closed 
2019-05-24 12:45:10 [main] [INFO] [org.springframework.test.context.support.AbstractTestContextBootstrapper:308] - Neither @ContextConfiguration nor @ContextHierarchy found for test class [com.fotic.it.support.word2pdf.service.TestServiceTest], using SpringBootContextLoader 
2019-05-24 12:45:10 [main] [INFO] [org.springframework.test.context.support.AbstractContextLoader:264] - Could not detect default resource locations for test class [com.fotic.it.support.word2pdf.service.TestServiceTest]: no resource found for suffixes {-context.xml, Context.groovy}. 
2019-05-24 12:45:10 [main] [INFO] [org.springframework.test.context.support.AnnotationConfigContextLoaderUtils:83] - Could not detect default configuration classes for test class [com.fotic.it.support.word2pdf.service.TestServiceTest]: TestServiceTest does not declare any static, non-private, non-final, nested classes annotated with @Configuration. 
2019-05-24 12:45:10 [main] [INFO] [org.springframework.boot.test.context.SpringBootTestContextBootstrapper:247] - Found @SpringBootConfiguration com.fotic.Application for test class com.fotic.it.support.word2pdf.service.TestServiceTest 
2019-05-24 12:45:10 [main] [INFO] [org.springframework.test.context.support.AbstractTestContextBootstrapper:248] - Loaded default TestExecutionListener class names from location [META-INF/spring.factories]: [org.springframework.boot.test.mock.mockito.MockitoTestExecutionListener, org.springframework.boot.test.mock.mockito.ResetMocksTestExecutionListener, org.springframework.boot.test.autoconfigure.restdocs.RestDocsTestExecutionListener, org.springframework.boot.test.autoconfigure.web.client.MockRestServiceServerResetTestExecutionListener, org.springframework.boot.test.autoconfigure.web.servlet.MockMvcPrintOnlyOnFailureTestExecutionListener, org.springframework.boot.test.autoconfigure.web.servlet.WebDriverTestExecutionListener, org.springframework.test.context.web.ServletTestExecutionListener, org.springframework.test.context.support.DirtiesContextBeforeModesTestExecutionListener, org.springframework.test.context.support.DependencyInjectionTestExecutionListener, org.springframework.test.context.support.DirtiesContextTestExecutionListener, org.springframework.test.context.transaction.TransactionalTestExecutionListener, org.springframework.test.context.jdbc.SqlScriptsTestExecutionListener] 
2019-05-24 12:45:10 [main] [INFO] [org.springframework.test.context.support.AbstractTestContextBootstrapper:177] - Using TestExecutionListeners: [org.springframework.test.context.web.ServletTestExecutionListener@3c7f66c4, org.springframework.test.context.support.DirtiesContextBeforeModesTestExecutionListener@194bcebf, org.springframework.boot.test.mock.mockito.MockitoTestExecutionListener@17497425, org.springframework.boot.test.autoconfigure.SpringBootDependencyInjectionTestExecutionListener@f0da945, org.springframework.test.context.support.DirtiesContextTestExecutionListener@4803b726, org.springframework.test.context.transaction.TransactionalTestExecutionListener@ffaa6af, org.springframework.test.context.jdbc.SqlScriptsTestExecutionListener@53ce1329, org.springframework.boot.test.mock.mockito.ResetMocksTestExecutionListener@316bcf94, org.springframework.boot.test.autoconfigure.restdocs.RestDocsTestExecutionListener@6404f418, org.springframework.boot.test.autoconfigure.web.client.MockRestServiceServerResetTestExecutionListener@3e11f9e9, org.springframework.boot.test.autoconfigure.web.servlet.MockMvcPrintOnlyOnFailureTestExecutionListener@1de5f259, org.springframework.boot.test.autoconfigure.web.servlet.WebDriverTestExecutionListener@729d991e] 
2019-05-24 12:45:11 [main] [INFO] [org.springframework.boot.StartupInfoLogger:50] - Starting TestServiceTest on USER-20170918NT with PID 21268 (started by Administrator in D:\idea-work\git\word2pdf\core) 
2019-05-24 12:45:11 [main] [DEBUG] [org.springframework.boot.StartupInfoLogger:53] - Running with Spring Boot v2.1.0.RELEASE, Spring v5.1.2.RELEASE 
2019-05-24 12:45:11 [main] [INFO] [org.springframework.boot.SpringApplication:675] - No active profile set, falling back to default profiles: default 
2019-05-24 12:45:14 [main] [INFO] [org.springframework.context.support.PostProcessorRegistrationDelegate$BeanPostProcessorChecker:330] - Bean 'org.springframework.transaction.annotation.ProxyTransactionManagementConfiguration' of type [org.springframework.transaction.annotation.ProxyTransactionManagementConfiguration$$EnhancerBySpringCGLIB$$c2311cd7] is not eligible for getting processed by all BeanPostProcessors (for example: not eligible for auto-proxying) 
2019-05-24 12:45:15 [main] [INFO] [com.alibaba.druid.spring.boot.autoconfigure.DruidDataSourceAutoConfigure:56] - Init DruidDataSource 
2019-05-24 12:45:16 [main] [INFO] [com.alibaba.druid.pool.DruidDataSource:930] - {dataSource-1} inited 
2019-05-24 12:45:18 [main] [INFO] [springfox.documentation.spring.web.PropertySourcedRequestMappingHandlerMapping:69] - Mapped URL path [/v2/api-docs] onto method [public org.springframework.http.ResponseEntity<springfox.documentation.spring.web.json.Json> springfox.documentation.swagger2.web.Swagger2Controller.getDocumentation(java.lang.String,javax.servlet.http.HttpServletRequest)] 
2019-05-24 12:45:18 [main] [INFO] [org.apache.cxf.wsdl.service.factory.ReflectionServiceFactoryBean:437] - Creating Service {http://xfire.webservice.com/WordForPDFWebService}WordForPDFWebService from class com.fotic.it.support.word2pdf.api.webservice.WordForPDFWebService 
2019-05-24 12:45:19 [main] [INFO] [org.apache.cxf.endpoint.ServerImpl:94] - Setting the server's publish address to be /WordForPDFWebService 
2019-05-24 12:45:20 [main] [INFO] [org.springframework.scheduling.concurrent.ExecutorConfigurationSupport:171] - Initializing ExecutorService 'applicationTaskExecutor' 
2019-05-24 12:45:22 [main] [INFO] [springfox.documentation.spring.web.plugins.DocumentationPluginsBootstrapper:160] - Context refreshed 
2019-05-24 12:45:22 [main] [INFO] [springfox.documentation.spring.web.plugins.DocumentationPluginsBootstrapper:163] - Found 1 custom documentation plugin(s) 
2019-05-24 12:45:22 [main] [INFO] [springfox.documentation.spring.web.scanners.ApiListingReferenceScanner:41] - Scanning for api listing references 
2019-05-24 12:45:22 [main] [INFO] [org.springframework.boot.StartupInfoLogger:59] - Started TestServiceTest in 11.6 seconds (JVM running for 13.164) 
2019-05-24 12:45:22 [main] [DEBUG] [org.apache.ibatis.logging.jdbc.BaseJdbcLogger:159] - ==>  Preparing: SELECT count(*) from test  
2019-05-24 12:45:22 [main] [DEBUG] [org.apache.ibatis.logging.jdbc.BaseJdbcLogger:159] - ==> Parameters:  
2019-05-24 12:45:22 [main] [DEBUG] [org.apache.ibatis.logging.jdbc.BaseJdbcLogger:159] - <==      Total: 1 
2019-05-24 12:45:23 [Thread-2] [INFO] [org.springframework.scheduling.concurrent.ExecutorConfigurationSupport:208] - Shutting down ExecutorService 'applicationTaskExecutor' 
2019-05-24 12:45:23 [Thread-2] [INFO] [com.alibaba.druid.pool.DruidDataSource:1825] - {dataSource-1} closed 
